This is pdfTeX, Version 3.14159265-2.6-1.40.15 (TeX Live 2014/MacPorts 2014_9) (preloaded format=pdflatex 2015.5.19)  24 JUL 2016 21:57
entering extended mode
 restricted \write18 enabled.
 %&-line parsing enabled.
**main.tex
(./main.tex
LaTeX2e <2014/05/01>
Babel <3.9k> and hyphenation patterns for 43 languages loaded.
(/opt/local/share/texmf-texlive/tex/latex/base/article.cls
Document Class: article 2007/10/19 v1.4h Standard LaTeX document class
(/opt/local/share/texmf-texlive/tex/latex/base/size11.clo
File: size11.clo 2007/10/19 v1.4h Standard LaTeX file (size option)
)
\c@part=\count79
\c@section=\count80
\c@subsection=\count81
\c@subsubsection=\count82
\c@paragraph=\count83
\c@subparagraph=\count84
\c@figure=\count85
\c@table=\count86
\abovecaptionskip=\skip41
\belowcaptionskip=\skip42
\bibindent=\dimen102
)
(/opt/local/share/texmf-texlive/tex/latex/url/url.sty
\Urlmuskip=\muskip10
Package: url 2013/09/16  ver 3.4  Verb mode for urls, etc.
)
(/opt/local/share/texmf-texlive/tex/latex/graphics/graphicx.sty
Package: graphicx 2014/04/25 v1.0g Enhanced LaTeX Graphics (DPC,SPQR)

(/opt/local/share/texmf-texlive/tex/latex/graphics/keyval.sty
Package: keyval 2014/05/08 v1.15 key=value parser (DPC)
\KV@toks@=\toks14
)
(/opt/local/share/texmf-texlive/tex/latex/graphics/graphics.sty
Package: graphics 2009/02/05 v1.0o Standard LaTeX Graphics (DPC,SPQR)

(/opt/local/share/texmf-texlive/tex/latex/graphics/trig.sty
Package: trig 1999/03/16 v1.09 sin cos tan (DPC)
)
(/opt/local/share/texmf-texlive/tex/latex/latexconfig/graphics.cfg
File: graphics.cfg 2010/04/23 v1.9 graphics configuration of TeX Live
)
Package graphics Info: Driver file: pdftex.def on input line 91.

(/opt/local/share/texmf-texlive/tex/latex/pdftex-def/pdftex.def
File: pdftex.def 2011/05/27 v0.06d Graphics/color for pdfTeX

(/opt/local/share/texmf-texlive/tex/generic/oberdiek/infwarerr.sty
Package: infwarerr 2010/04/08 v1.3 Providing info/warning/error messages (HO)
)
(/opt/local/share/texmf-texlive/tex/generic/oberdiek/ltxcmds.sty
Package: ltxcmds 2011/11/09 v1.22 LaTeX kernel commands for general use (HO)
)
\Gread@gobject=\count87
))
\Gin@req@height=\dimen103
\Gin@req@width=\dimen104
)
(/opt/local/share/texmf-texlive/tex/latex/subfig/subfig.sty
Package: subfig 2005/06/28 ver: 1.3 subfig package

(/opt/local/share/texmf-texlive/tex/latex/caption/caption.sty
Package: caption 2013/05/02 v3.3-89 Customizing captions (AR)

(/opt/local/share/texmf-texlive/tex/latex/caption/caption3.sty
Package: caption3 2013/05/02 v1.6-88 caption3 kernel (AR)
Package caption3 Info: TeX engine: e-TeX on input line 57.
\captionmargin=\dimen105
\captionmargin@=\dimen106
\captionwidth=\dimen107
\caption@tempdima=\dimen108
\caption@indent=\dimen109
\caption@parindent=\dimen110
\caption@hangindent=\dimen111
)
\c@ContinuedFloat=\count88
)
\c@KVtest=\count89
\sf@farskip=\skip43
\sf@captopadj=\dimen112
\sf@capskip=\skip44
\sf@nearskip=\skip45
\c@subfigure=\count90
\c@subfigure@save=\count91
\c@lofdepth=\count92
\c@subtable=\count93
\c@subtable@save=\count94
\c@lotdepth=\count95
\sf@top=\skip46
\sf@bottom=\skip47
) (./main.aux)
\openout1 = `main.aux'.

LaTeX Font Info:    Checking defaults for OML/cmm/m/it on input line 18.
LaTeX Font Info:    ... okay on input line 18.
LaTeX Font Info:    Checking defaults for T1/cmr/m/n on input line 18.
LaTeX Font Info:    ... okay on input line 18.
LaTeX Font Info:    Checking defaults for OT1/cmr/m/n on input line 18.
LaTeX Font Info:    ... okay on input line 18.
LaTeX Font Info:    Checking defaults for OMS/cmsy/m/n on input line 18.
LaTeX Font Info:    ... okay on input line 18.
LaTeX Font Info:    Checking defaults for OMX/cmex/m/n on input line 18.
LaTeX Font Info:    ... okay on input line 18.
LaTeX Font Info:    Checking defaults for U/cmr/m/n on input line 18.
LaTeX Font Info:    ... okay on input line 18.

(/opt/local/share/texmf-texlive/tex/context/base/supp-pdf.mkii
[Loading MPS to PDF converter (version 2006.09.02).]
\scratchcounter=\count96
\scratchdimen=\dimen113
\scratchbox=\box26
\nofMPsegments=\count97
\nofMParguments=\count98
\everyMPshowfont=\toks15
\MPscratchCnt=\count99
\MPscratchDim=\dimen114
\MPnumerator=\count100
\makeMPintoPDFobject=\count101
\everyMPtoPDFconversion=\toks16
) (/opt/local/share/texmf-texlive/tex/generic/oberdiek/pdftexcmds.sty
Package: pdftexcmds 2011/11/29 v0.20 Utility functions of pdfTeX for LuaTeX (HO
)

(/opt/local/share/texmf-texlive/tex/generic/oberdiek/ifluatex.sty
Package: ifluatex 2010/03/01 v1.3 Provides the ifluatex switch (HO)
Package ifluatex Info: LuaTeX not detected.
)
(/opt/local/share/texmf-texlive/tex/generic/oberdiek/ifpdf.sty
Package: ifpdf 2011/01/30 v2.3 Provides the ifpdf switch (HO)
Package ifpdf Info: pdfTeX in PDF mode is detected.
)
Package pdftexcmds Info: LuaTeX not detected.
Package pdftexcmds Info: \pdf@primitive is available.
Package pdftexcmds Info: \pdf@ifprimitive is available.
Package pdftexcmds Info: \pdfdraftmode found.
)
(/opt/local/share/texmf-texlive/tex/latex/oberdiek/epstopdf-base.sty
Package: epstopdf-base 2010/02/09 v2.5 Base part for package epstopdf

(/opt/local/share/texmf-texlive/tex/latex/oberdiek/grfext.sty
Package: grfext 2010/08/19 v1.1 Manage graphics extensions (HO)

(/opt/local/share/texmf-texlive/tex/generic/oberdiek/kvdefinekeys.sty
Package: kvdefinekeys 2011/04/07 v1.3 Define keys (HO)
))
(/opt/local/share/texmf-texlive/tex/latex/oberdiek/kvoptions.sty
Package: kvoptions 2011/06/30 v3.11 Key value format for package options (HO)

(/opt/local/share/texmf-texlive/tex/generic/oberdiek/kvsetkeys.sty
Package: kvsetkeys 2012/04/25 v1.16 Key value parser (HO)

(/opt/local/share/texmf-texlive/tex/generic/oberdiek/etexcmds.sty
Package: etexcmds 2011/02/16 v1.5 Avoid name clashes with e-TeX commands (HO)
Package etexcmds Info: Could not find \expanded.
(etexcmds)             That can mean that you are not using pdfTeX 1.50 or
(etexcmds)             that some package has redefined \expanded.
(etexcmds)             In the latter case, load this package earlier.
)))
Package grfext Info: Graphics extension search list:
(grfext)             [.png,.pdf,.jpg,.mps,.jpeg,.jbig2,.jb2,.PNG,.PDF,.JPG,.JPE
G,.JBIG2,.JB2,.eps]
(grfext)             \AppendGraphicsExtensions on input line 452.

(/opt/local/share/texmf-texlive/tex/latex/latexconfig/epstopdf-sys.cfg
File: epstopdf-sys.cfg 2010/07/13 v1.3 Configuration of (r)epstopdf for TeX Liv
e
))
Package caption Info: Begin \AtBeginDocument code.
Package caption Info: subfig package v1.3 is loaded.
Package caption Info: End \AtBeginDocument code.
LaTeX Font Info:    External font `cmex10' loaded for size
(Font)              <12> on input line 20.
LaTeX Font Info:    External font `cmex10' loaded for size
(Font)              <8> on input line 20.
LaTeX Font Info:    External font `cmex10' loaded for size
(Font)              <6> on input line 20.

<2014-03-21_12_10.jpg, id=1, 481.8pt x 481.8pt>
File: 2014-03-21_12_10.jpg Graphic file (type jpg)
 <use 2014-03-21_12_10.jpg>
Package pdftex.def Info: 2014-03-21_12_10.jpg used on input line 33.
(pdftex.def)             Requested size: 36.135pt x 36.13344pt.

Underfull \hbox (badness 1769) in paragraph at lines 33--33
\OT1/cmr/m/n/9 i-nal Im-
 []

<rotation17.jpg, id=2, 481.8pt x 481.8pt>
File: rotation17.jpg Graphic file (type jpg)
 <use rotation17.jpg>
Package pdftex.def Info: rotation17.jpg used on input line 35.
(pdftex.def)             Requested size: 36.135pt x 36.13344pt.

Underfull \hbox (badness 10000) in paragraph at lines 35--35
[]\OT1/cmr/m/n/9 (b)
 []


Underfull \hbox (badness 10000) in paragraph at lines 35--35
|\OT1/cmr/m/n/9 Im-age
 []


Underfull \hbox (badness 10000) in paragraph at lines 35--35
\OT1/cmr/m/n/9 ro-tated
 []


Underfull \hbox (badness 10000) in paragraph at lines 35--35
\OT1/cmr/m/n/9 by 17
 []

<rotation34.jpg, id=3, 481.8pt x 481.8pt>
File: rotation34.jpg Graphic file (type jpg)
 <use rotation34.jpg>
Package pdftex.def Info: rotation34.jpg used on input line 37.
(pdftex.def)             Requested size: 36.135pt x 36.13344pt.

Underfull \hbox (badness 10000) in paragraph at lines 37--37
[]\OT1/cmr/m/n/9 (c)
 []


Underfull \hbox (badness 10000) in paragraph at lines 37--37
|\OT1/cmr/m/n/9 Im-age
 []


Underfull \hbox (badness 10000) in paragraph at lines 37--37
\OT1/cmr/m/n/9 ro-tated
 []


Underfull \hbox (badness 10000) in paragraph at lines 37--37
\OT1/cmr/m/n/9 by 34
 []

<rotation50.jpg, id=4, 481.8pt x 481.8pt>
File: rotation50.jpg Graphic file (type jpg)
 <use rotation50.jpg>
Package pdftex.def Info: rotation50.jpg used on input line 39.
(pdftex.def)             Requested size: 36.135pt x 36.13344pt.

Underfull \hbox (badness 10000) in paragraph at lines 39--39
[]\OT1/cmr/m/n/9 (d)
 []


Underfull \hbox (badness 10000) in paragraph at lines 39--39
|\OT1/cmr/m/n/9 Im-age
 []


Underfull \hbox (badness 10000) in paragraph at lines 39--39
\OT1/cmr/m/n/9 ro-tated
 []


Underfull \hbox (badness 10000) in paragraph at lines 39--39
\OT1/cmr/m/n/9 by 50
 []

<rotation62.jpg, id=5, 481.8pt x 481.8pt>
File: rotation62.jpg Graphic file (type jpg)
 <use rotation62.jpg>
Package pdftex.def Info: rotation62.jpg used on input line 41.
(pdftex.def)             Requested size: 36.135pt x 36.13344pt.

Underfull \hbox (badness 10000) in paragraph at lines 41--41
[]\OT1/cmr/m/n/9 (e)
 []


Underfull \hbox (badness 10000) in paragraph at lines 41--41
|\OT1/cmr/m/n/9 Im-age
 []


Underfull \hbox (badness 10000) in paragraph at lines 41--41
\OT1/cmr/m/n/9 ro-tated
 []


Underfull \hbox (badness 10000) in paragraph at lines 41--41
\OT1/cmr/m/n/9 by 62
 []


Overfull \hbox (4.70842pt too wide) in paragraph at lines 33--42
 [][]|  []|  []|  []|  [] 
 []

[1{/opt/local/var/db/texmf/fonts/map/pdftex/updmap/pdftex.map}


 <./2014-03-21_12_10.jpg> <./rotation17.jpg> <./rotation34.jpg> <./rotation50.j
pg> <./rotation62.jpg>]
LaTeX Font Info:    External font `cmex10' loaded for size
(Font)              <10.95> on input line 123.
 [2]
Underfull \hbox (badness 1147) in paragraph at lines 144--145
 \OT1/cmr/bx/n/10.95 Con-vo-lu-tional neu-ral net-work ar-chi-tec-
 []


Underfull \hbox (badness 1831) in paragraph at lines 146--147
[]\OT1/cmr/m/n/10.95 The sec-ond one was alexnet which used
 []

LaTeX Font Info:    External font `cmex10' loaded for size
(Font)              <9> on input line 153.
LaTeX Font Info:    External font `cmex10' loaded for size
(Font)              <5> on input line 153.

Underfull \hbox (badness 10000) in paragraph at lines 159--160
[]\OT1/cmr/m/n/10.95 validation
 []


Underfull \hbox (badness 10000) in paragraph at lines 163--163
[]\OT1/cmr/m/n/10.95 Using aug-men-ta-tion tech-
 []


Underfull \hbox (badness 10000) in paragraph at lines 165--165
[]\OT1/cmr/m/n/10.95 Using aug-men-ta-tion tech-
 []


Overfull \hbox (20.84569pt too wide) in paragraph at lines 155--172
[][] 
 []


Underfull \vbox (badness 10000) has occurred while \output is active []

 [3]
Underfull \hbox (badness 10000) in paragraph at lines 177--178
[]\OT1/cmr/m/n/10.95 validation
 []


Underfull \hbox (badness 10000) in paragraph at lines 185--185
[]\OT1/cmr/m/n/10.95 Using aug-men-ta-tion tech-
 []


Underfull \hbox (badness 10000) in paragraph at lines 187--187
[]\OT1/cmr/m/n/10.95 Using aug-men-ta-tion tech-
 []


Overfull \hbox (29.3816pt too wide) in paragraph at lines 173--200
[][] 
 []


Underfull \vbox (badness 10000) has occurred while \output is active []

 [4]
Overfull \hbox (6.85747pt too wide) in paragraph at lines 207--207
[][]\OT1/cmr/m/n/9 https://groups.google.com/forum/#!searchin/lasagne-
 []


Underfull \hbox (badness 10000) in paragraph at lines 207--207
\OT1/cmr/m/n/9 users/augmentation/lasagne-
 []

[5] (./main.bbl) [6

] (./main.aux) ) 
Here is how much of TeX's memory you used:
 2808 strings out of 494213
 44311 string characters out of 6157463
 108066 words of memory out of 5000000
 6086 multiletter control sequences out of 15000+600000
 9762 words of font info for 34 fonts, out of 8000000 for 9000
 430 hyphenation exceptions out of 8191
 44i,12n,47p,858b,343s stack positions out of 5000i,500n,10000p,200000b,80000s
</opt/local/share/texmf-texlive/fonts/type1/public/amsfonts/cm/
cmbx10.pfb></opt/local/share/texmf-texlive/fonts/type1/public/amsfonts/cm/cmbx1
2.pfb></opt/local/share/texmf-texlive/fonts/type1/public/amsfonts/cm/cmr10.pfb>
</opt/local/share/texmf-texlive/fonts/type1/public/amsfonts/cm/cmr12.pfb></opt/
local/share/texmf-texlive/fonts/type1/public/amsfonts/cm/cmr17.pfb></opt/local/
share/texmf-texlive/fonts/type1/public/amsfonts/cm/cmr6.pfb></opt/local/share/t
exmf-texlive/fonts/type1/public/amsfonts/cm/cmr8.pfb></opt/local/share/texmf-te
xlive/fonts/type1/public/amsfonts/cm/cmr9.pfb></opt/local/share/texmf-texlive/f
onts/type1/public/amsfonts/cm/cmti10.pfb>
Output written on main.pdf (6 pages, 405311 bytes).
PDF statistics:
 64 PDF objects out of 1000 (max. 8388607)
 41 compressed objects within 1 object stream
 0 named destinations out of 1000 (max. 500000)
 26 words of extra memory for PDF output out of 10000 (max. 10000000)

